Testing heap sort...
Input:  19 5 10 12 18 15 5 15 3 10 7 6 19 2 7 3 3 7 9 13 
Output: 2 3 3 3 5 5 6 7 7 7 9 10 10 12 13 15 15 18 19 19 
Testing bubble sort...
Input: 3 9 10 8 10 8 0 4 2 18 16 0 15 3 3 7 11 17 3 14 
Output: 0 0 2 3 3 3 3 4 7 8 8 9 10 10 11 14 15 16 17 18 
Testing selection sort...
Input: 18 18 13 15 6 6 9 10 18 3 13 13 12 0 4 15 18 13 16 19 
Output: 0 3 4 6 6 9 10 12 13 13 13 13 15 15 16 18 18 18 18 19 
For n = 10, bubble sort performs 44 comparisions.
For n = 10, selection sort performs 45 comparisions.
For n = 10, heap sort performs 40 comparisions.
For n = 100, bubble sort performs 4949 comparisions.
For n = 100, selection sort performs 4950 comparisions.
For n = 100, heap sort performs 1064 comparisions.
For n = 1000, bubble sort performs 499499 comparisions.
For n = 1000, selection sort performs 499500 comparisions.
For n = 1000, heap sort performs 17260 comparisions.
For n = 10000, bubble sort performs 49994999 comparisions.
For n = 10000, selection sort performs 49995000 comparisions.
For n = 10000, heap sort performs 239397 comparisions.
For n = 100000, bubble sort performs 4999949999 comparisions.
For n = 100000, selection sort performs 4999950000 comparisions.
For n = 100000, heap sort performs 3059358 comparisions.
