Adding BOS...
The set A = { BOS }
Adding JFK...
Adding BDL...
The set A = { BDL, BOS, JFK }
Adding BOS..., but BOS already exists.
The set A = { BDL, BOS, JFK }
A.has("JFK") = true
Removing BOS...
The set A = { BDL, JFK }
A.has("BOS") = false
Adding B...
Adding S...
Adding A...
Adding B..., but B already exists.
Adding F...
Adding T...
Adding T..., but T already exists.
Adding D...
Adding P...
Adding M...
Adding K...
Adding G...
Adding T..., but T already exists.
Adding Y...
Adding E...
Adding Q...
Adding S..., but S already exists.
Adding C...
Adding L...
Adding L..., but L already exists.
Adding E..., but E already exists.
Adding X...
Adding C..., but C already exists.
Adding M..., but M already exists.
Adding R...
Adding B..., but B already exists.
The set B = { A, B, C, D, E, F, G, K, L, M, P, Q, R, S, T, X, Y }
Removing K...
Adding T..., but T already exists.
The set B = { A, B, C, D, E, F, G, L, M, P, Q, R, S, T, X, Y }
